2022/05/29 13:58 INFO Обращение к менеджеру базы данных: initializeDB
2022/05/29 13:58 INFO HV000001: Hibernate Validator 6.0.10.Final
2022/05/29 13:58 INFO Обращение к менеджеру коллекции: fillWithArray / Аргументы: [[3. Valera, X: 222, Y: 22.0, CREATION DATE: 2022-04-27, REAL HERO: true, HAS TOOTHPICK: false, IMPACT SPEED: 22, WEAPON TYPE: AXE, MOOD: RAGE, CAR INFO: CAR COOLNESS: false CAR SPEED: 222, Author: k1b , 4. Vitya, X: 12, Y: 12.0, CREATION DATE: 2022-05-28, REAL HERO: true, HAS TOOTHPICK: false, IMPACT SPEED: 22, WEAPON TYPE: AXE, MOOD: CALM, CAR INFO: no car, Author: dexter]]
2022/05/29 13:58 INFO Обращение к менеджеру базы данных: checkIfUserRegistered
2022/05/29 13:58 INFO Обращение к менеджеру базы данных: checkIfUserRegistered
2022/05/29 13:58 INFO Обращение к менеджеру коллекции: getSortedArrayListFromQueue / Аргументы: []
2022/05/29 13:58 INFO Обращение к менеджеру базы данных: checkIfUserRegistered
2022/05/29 13:58 INFO Обращение к менеджеру коллекции: getInfoAboutCollection / Аргументы: []
2022/05/29 13:58 INFO Обращение к менеджеру базы данных: checkIfUserRegistered
2022/05/29 14:05 INFO Обращение к менеджеру базы данных: checkIfUserRegistered
2022/05/29 14:05 INFO Обращение к менеджеру базы данных: checkIfUserRegistered
2022/05/29 14:05 INFO Обращение к менеджеру коллекции: getSortedArrayListFromQueue / Аргументы: []
2022/05/29 14:06 INFO Обращение к менеджеру базы данных: checkIfUserRegistered
2022/05/29 14:06 INFO Обращение к менеджеру базы данных: checkIfUserRegistered
2022/05/29 14:06 INFO Обращение к менеджеру коллекции: getSortedArrayListFromQueue / Аргументы: []
2022/05/29 14:06 INFO Обращение к менеджеру базы данных: checkIfUserRegistered
2022/05/29 14:06 INFO Обращение к менеджеру коллекции: getSortedArrayListFromQueue / Аргументы: []
2022/05/29 14:07 INFO Обращение к менеджеру базы данных: checkIfUserRegistered
2022/05/29 14:07 INFO Обращение к менеджеру коллекции: getSortedArrayListFromQueue / Аргументы: []
2022/05/29 14:07 INFO Обращение к менеджеру базы данных: checkIfUserRegistered
2022/05/29 14:07 INFO Обращение к менеджеру коллекции: getSortedArrayListFromQueue / Аргументы: []
2022/05/29 14:08 INFO Обращение к менеджеру базы данных: checkIfUserRegistered
2022/05/29 14:08 INFO Обращение к менеджеру коллекции: getSortedArrayListFromQueue / Аргументы: []
2022/05/29 14:08 INFO Обращение к менеджеру базы данных: checkIfUserRegistered
2022/05/29 14:08 INFO Обращение к менеджеру коллекции: getSortedArrayListFromQueue / Аргументы: []
2022/05/29 14:09 INFO Обращение к менеджеру базы данных: checkIfUserRegistered
2022/05/29 14:09 INFO Обращение к менеджеру коллекции: getSortedArrayListFromQueue / Аргументы: []
2022/05/29 14:09 INFO Обращение к менеджеру базы данных: checkIfUserRegistered
2022/05/29 14:09 INFO Обращение к менеджеру базы данных: checkIfUserRegistered
2022/05/29 14:09 INFO Обращение к менеджеру коллекции: getSortedArrayListFromQueue / Аргументы: []
2022/05/29 14:09 INFO Обращение к менеджеру базы данных: checkIfUserRegistered
2022/05/29 14:09 INFO Обращение к менеджеру коллекции: getSortedArrayListFromQueue / Аргументы: []
2022/05/29 14:10 INFO Обращение к менеджеру базы данных: checkIfUserRegistered
2022/05/29 14:10 INFO Обращение к менеджеру коллекции: getSortedArrayListFromQueue / Аргументы: []
2022/05/29 14:10 INFO Обращение к менеджеру базы данных: checkIfUserRegistered
2022/05/29 14:10 INFO Обращение к менеджеру коллекции: getSortedArrayListFromQueue / Аргументы: []
2022/05/29 14:11 INFO Обращение к менеджеру базы данных: checkIfUserRegistered
2022/05/29 14:11 INFO Обращение к менеджеру коллекции: getSortedArrayListFromQueue / Аргументы: []
2022/05/29 14:11 INFO Обращение к менеджеру базы данных: checkIfUserRegistered
2022/05/29 14:11 INFO Обращение к менеджеру коллекции: getSortedArrayListFromQueue / Аргументы: []
2022/05/29 14:12 INFO Обращение к менеджеру базы данных: checkIfUserRegistered
2022/05/29 14:12 INFO Обращение к менеджеру коллекции: getSortedArrayListFromQueue / Аргументы: []
2022/05/29 14:12 INFO Обращение к менеджеру базы данных: checkIfUserRegistered
2022/05/29 14:12 INFO Обращение к менеджеру коллекции: getSortedArrayListFromQueue / Аргументы: []
2022/05/29 14:13 INFO Обращение к менеджеру базы данных: checkIfUserRegistered
2022/05/29 14:13 INFO Обращение к менеджеру коллекции: getSortedArrayListFromQueue / Аргументы: []
2022/05/29 14:13 INFO Обращение к менеджеру базы данных: checkIfUserRegistered
2022/05/29 14:13 INFO Обращение к менеджеру коллекции: getSortedArrayListFromQueue / Аргументы: []
2022/05/29 14:17 INFO Обращение к менеджеру базы данных: checkIfUserRegistered
2022/05/29 14:17 INFO Обращение к менеджеру базы данных: checkIfUserRegistered
2022/05/29 14:17 INFO Обращение к менеджеру коллекции: getSortedArrayListFromQueue / Аргументы: []
2022/05/29 14:17 INFO Обращение к менеджеру базы данных: checkIfUserRegistered
2022/05/29 14:17 INFO Обращение к менеджеру коллекции: getSortedArrayListFromQueue / Аргументы: []
2022/05/29 14:18 INFO Обращение к менеджеру базы данных: checkIfUserRegistered
2022/05/29 14:18 INFO Обращение к менеджеру коллекции: getSortedArrayListFromQueue / Аргументы: []
2022/05/29 14:18 INFO Обращение к менеджеру базы данных: checkIfUserRegistered
2022/05/29 14:18 INFO Обращение к менеджеру базы данных: checkIfUserRegistered
2022/05/29 14:18 INFO Обращение к менеджеру коллекции: getSortedArrayListFromQueue / Аргументы: []
2022/05/29 14:19 INFO Обращение к менеджеру базы данных: checkIfUserRegistered
2022/05/29 14:19 INFO Обращение к менеджеру коллекции: getInfoAboutCollection / Аргументы: []
2022/05/29 14:19 INFO Обращение к менеджеру базы данных: checkIfUserRegistered
2022/05/29 14:19 INFO Обращение к менеджеру базы данных: checkIfUserRegistered
2022/05/29 14:19 INFO Обращение к менеджеру базы данных: clearByUserName
2022/05/29 14:19 INFO Обращение к менеджеру коллекции: clearCollectionByIDs / Аргументы: [[Ljava.lang.Long;@5a35e3e5]
2022/05/29 14:19 INFO Обращение к менеджеру базы данных: checkIfUserRegistered
2022/05/29 14:19 INFO Обращение к менеджеру коллекции: getSortedArrayListFromQueue / Аргументы: []
2022/05/29 14:19 INFO Обращение к менеджеру базы данных: checkIfUserRegistered
2022/05/29 14:19 INFO Обращение к менеджеру коллекции: getSortedArrayListFromQueue / Аргументы: []
